五月 31, 2014 9:57:50 下午 org.apache.catalina.core.AprLifecycleListener init
INFO: The APR based Apache Tomcat Native library which allows optimal performance in production environments was not found on the java.library.path: C:\Program Files\Java\jdk1.7.0_11\bin;C:\Windows\Sun\Java\bin;C:\Windows\system32;C:\Windows;D:\\bin;C:\oracle\ora92\bin;C:\Program Files\Oracle\jre\1.3.1\bin;C:\Program Files\Oracle\jre\1.1.8\bin;C:\Program Files\Java\jdk1.7.0_11\bin;C:\Program Files\Java\jdk1.7.0_11\jre\bin;C:\Windows\system32;C:\Windows;C:\Windows\System32\Wbem;C:\Windows\System32\WindowsPowerShell\v1.0\;C:\Program Files\Microsoft SQL Server\100\Tools\Binn\;C:\Program Files\Microsoft SQL Server\100\DTS\Binn\;C:\Program Files\Microsoft SQL Server\100\Tools\Binn\VSShell\Common7\IDE\;C:\Program Files\Microsoft Visual Studio 9.0\Common7\IDE\PrivateAssemblies\;C:\Program Files\Common Files\Ulead Systems\MPEG;.
五月 31, 2014 9:57:51 下午 org.apache.coyote.http11.Http11Protocol init
INFO: Initializing Coyote HTTP/1.1 on http-8080
五月 31, 2014 9:57:51 下午 org.apache.catalina.startup.Catalina load
INFO: Initialization processed in 2111 ms
五月 31, 2014 9:57:51 下午 org.apache.catalina.core.StandardService start
INFO: Starting service Catalina
五月 31, 2014 9:57:51 下午 org.apache.catalina.core.StandardEngine start
INFO: Starting Servlet Engine: Apache Tomcat/6.0.33
五月 31, 2014 9:57:51 下午 org.apache.catalina.startup.HostConfig deployDescriptor
INFO: Deploying configuration descriptor host-manager.xml
五月 31, 2014 9:57:52 下午 org.apache.catalina.startup.HostConfig deployDescriptor
INFO: Deploying configuration descriptor manager.xml
五月 31, 2014 9:57:52 下午 org.apache.catalina.startup.HostConfig deployDirectory
INFO: Deploying web application directory docs
五月 31, 2014 9:57:52 下午 org.apache.catalina.startup.HostConfig deployDirectory
INFO: Deploying web application directory examples
五月 31, 2014 9:57:53 下午 org.apache.catalina.startup.HostConfig deployDirectory
INFO: Deploying web application directory Liuyan
五月 31, 2014 9:57:54 下午 org.apache.catalina.startup.HostConfig deployDirectory
INFO: Deploying web application directory ROOT
五月 31, 2014 9:57:54 下午 org.apache.catalina.startup.HostConfig deployDirectory
INFO: Deploying web application directory Tao
五月 31, 2014 9:57:55 下午 org.apache.coyote.http11.Http11Protocol start
INFO: Starting Coyote HTTP/1.1 on http-8080
五月 31, 2014 9:57:55 下午 org.apache.jk.common.ChannelSocket init
INFO: JK: ajp13 listening on /0.0.0.0:8009
五月 31, 2014 9:57:55 下午 org.apache.jk.server.JkMain start
INFO: Jk running ID=0 time=0/215  config=null
五月 31, 2014 9:57:55 下午 org.apache.catalina.startup.Catalina start
INFO: Server startup in 4075 ms
