四月 18, 2014 1:30:19 下午 org.apache.catalina.core.AprLifecycleListener init
INFO: The APR based Apache Tomcat Native library which allows optimal performance in production environments was not found on the java.library.path: C:\Program Files\Java\jdk1.7.0_11\bin;C:\Windows\Sun\Java\bin;C:\Windows\system32;C:\Windows;C:\Program Files\Java\jdk1.7.0_11\bin;C:\Program Files\Java\jdk1.7.0_11\jre\bin;C:\Windows\system32;C:\Windows;C:\Windows\System32\Wbem;C:\Windows\System32\WindowsPowerShell\v1.0\;C:\Program Files\Microsoft SQL Server\100\Tools\Binn\;C:\Program Files\Microsoft SQL Server\100\DTS\Binn\;C:\Program Files\Microsoft SQL Server\100\Tools\Binn\VSShell\Common7\IDE\;C:\Program Files\Microsoft Visual Studio 9.0\Common7\IDE\PrivateAssemblies\;.
四月 18, 2014 1:30:21 下午 org.apache.coyote.http11.Http11Protocol init
INFO: Initializing Coyote HTTP/1.1 on http-8080
四月 18, 2014 1:30:21 下午 org.apache.catalina.startup.Catalina load
INFO: Initialization processed in 2123 ms
四月 18, 2014 1:30:21 下午 org.apache.catalina.core.StandardService start
INFO: Starting service Catalina
四月 18, 2014 1:30:21 下午 org.apache.catalina.core.StandardEngine start
INFO: Starting Servlet Engine: Apache Tomcat/6.0.33
四月 18, 2014 1:30:21 下午 org.apache.catalina.startup.HostConfig deployDescriptor
INFO: Deploying configuration descriptor host-manager.xml
四月 18, 2014 1:30:21 下午 org.apache.catalina.startup.HostConfig deployDescriptor
INFO: Deploying configuration descriptor manager.xml
四月 18, 2014 1:30:22 下午 org.apache.catalina.startup.HostConfig deployDirectory
INFO: Deploying web application directory docs
四月 18, 2014 1:30:22 下午 org.apache.catalina.startup.HostConfig deployDirectory
INFO: Deploying web application directory examples
四月 18, 2014 1:30:22 下午 org.apache.catalina.startup.HostConfig deployDirectory
INFO: Deploying web application directory ROOT
四月 18, 2014 1:30:22 下午 org.apache.catalina.startup.HostConfig deployDirectory
INFO: Deploying web application directory Tao
四月 18, 2014 1:30:22 下午 org.apache.coyote.http11.Http11Protocol start
INFO: Starting Coyote HTTP/1.1 on http-8080
四月 18, 2014 1:30:22 下午 org.apache.jk.common.ChannelSocket init
INFO: JK: ajp13 listening on /0.0.0.0:8009
四月 18, 2014 1:30:22 下午 org.apache.jk.server.JkMain start
INFO: Jk running ID=0 time=1/50  config=null
四月 18, 2014 1:30:22 下午 org.apache.catalina.startup.Catalina start
INFO: Server startup in 1569 ms
四月 18, 2014 1:30:22 下午 org.apache.catalina.core.StandardServer await
SEVERE: StandardServer.await: create[8005]: 
java.net.BindException: Address already in use: JVM_Bind
	at java.net.DualStackPlainSocketImpl.bind0(Native Method)
	at java.net.DualStackPlainSocketImpl.socketBind(DualStackPlainSocketImpl.java:96)
	at java.net.AbstractPlainSocketImpl.bind(AbstractPlainSocketImpl.java:376)
	at java.net.PlainSocketImpl.bind(PlainSocketImpl.java:175)
	at java.net.ServerSocket.bind(ServerSocket.java:376)
	at java.net.ServerSocket.<init>(ServerSocket.java:237)
	at org.apache.catalina.core.StandardServer.await(StandardServer.java:406)
	at org.apache.catalina.startup.Catalina.await(Catalina.java:676)
	at org.apache.catalina.startup.Catalina.start(Catalina.java:628)
	at sun.reflect.NativeMethodAccessorImpl.invoke0(Native Method)
	at sun.reflect.NativeMethodAccessorImpl.invoke(NativeMethodAccessorImpl.java:57)
	at sun.reflect.DelegatingMethodAccessorImpl.invoke(DelegatingMethodAccessorImpl.java:43)
	at java.lang.reflect.Method.invoke(Method.java:601)
	at org.apache.catalina.startup.Bootstrap.start(Bootstrap.java:289)
	at org.apache.catalina.startup.Bootstrap.main(Bootstrap.java:414)

四月 18, 2014 1:30:22 下午 org.apache.coyote.http11.Http11Protocol pause
INFO: Pausing Coyote HTTP/1.1 on http-8080
四月 18, 2014 1:30:23 下午 org.apache.catalina.core.StandardService stop
INFO: Stopping service Catalina
四月 18, 2014 1:30:24 下午 org.apache.coyote.http11.Http11Protocol destroy
INFO: Stopping Coyote HTTP/1.1 on http-8080
四月 18, 2014 1:30:41 下午 org.apache.catalina.core.AprLifecycleListener init
INFO: The APR based Apache Tomcat Native library which allows optimal performance in production environments was not found on the java.library.path: C:\Program Files\Java\jdk1.7.0_11\bin;C:\Windows\Sun\Java\bin;C:\Windows\system32;C:\Windows;C:\Program Files\Java\jdk1.7.0_11\bin;C:\Program Files\Java\jdk1.7.0_11\jre\bin;C:\Windows\system32;C:\Windows;C:\Windows\System32\Wbem;C:\Windows\System32\WindowsPowerShell\v1.0\;C:\Program Files\Microsoft SQL Server\100\Tools\Binn\;C:\Program Files\Microsoft SQL Server\100\DTS\Binn\;C:\Program Files\Microsoft SQL Server\100\Tools\Binn\VSShell\Common7\IDE\;C:\Program Files\Microsoft Visual Studio 9.0\Common7\IDE\PrivateAssemblies\;.
四月 18, 2014 1:30:41 下午 org.apache.coyote.http11.Http11Protocol init
INFO: Initializing Coyote HTTP/1.1 on http-8080
四月 18, 2014 1:30:41 下午 org.apache.catalina.startup.Catalina load
INFO: Initialization processed in 386 ms
四月 18, 2014 1:30:41 下午 org.apache.catalina.core.StandardService start
INFO: Starting service Catalina
四月 18, 2014 1:30:41 下午 org.apache.catalina.core.StandardEngine start
INFO: Starting Servlet Engine: Apache Tomcat/6.0.33
四月 18, 2014 1:30:41 下午 org.apache.catalina.startup.HostConfig deployDescriptor
INFO: Deploying configuration descriptor host-manager.xml
四月 18, 2014 1:30:41 下午 org.apache.catalina.startup.HostConfig deployDescriptor
INFO: Deploying configuration descriptor manager.xml
四月 18, 2014 1:30:41 下午 org.apache.catalina.startup.HostConfig deployDirectory
INFO: Deploying web application directory docs
四月 18, 2014 1:30:41 下午 org.apache.catalina.startup.HostConfig deployDirectory
INFO: Deploying web application directory examples
四月 18, 2014 1:30:41 下午 org.apache.catalina.startup.HostConfig deployDirectory
INFO: Deploying web application directory ROOT
四月 18, 2014 1:30:41 下午 org.apache.catalina.startup.HostConfig deployDirectory
INFO: Deploying web application directory Tao
四月 18, 2014 1:30:41 下午 org.apache.coyote.http11.Http11Protocol start
INFO: Starting Coyote HTTP/1.1 on http-8080
四月 18, 2014 1:30:41 下午 org.apache.jk.common.ChannelSocket init
INFO: JK: ajp13 listening on /0.0.0.0:8009
四月 18, 2014 1:30:41 下午 org.apache.jk.server.JkMain start
INFO: Jk running ID=0 time=0/21  config=null
四月 18, 2014 1:30:41 下午 org.apache.catalina.startup.Catalina start
INFO: Server startup in 547 ms
四月 18, 2014 1:34:33 下午 org.apache.catalina.core.AprLifecycleListener init
INFO: The APR based Apache Tomcat Native library which allows optimal performance in production environments was not found on the java.library.path: C:\Program Files\Java\jdk1.7.0_11\bin;C:\Windows\Sun\Java\bin;C:\Windows\system32;C:\Windows;C:\Program Files\Java\jdk1.7.0_11\bin;C:\Program Files\Java\jdk1.7.0_11\jre\bin;C:\Windows\system32;C:\Windows;C:\Windows\System32\Wbem;C:\Windows\System32\WindowsPowerShell\v1.0\;C:\Program Files\Microsoft SQL Server\100\Tools\Binn\;C:\Program Files\Microsoft SQL Server\100\DTS\Binn\;C:\Program Files\Microsoft SQL Server\100\Tools\Binn\VSShell\Common7\IDE\;C:\Program Files\Microsoft Visual Studio 9.0\Common7\IDE\PrivateAssemblies\;.
四月 18, 2014 1:34:33 下午 org.apache.coyote.http11.Http11Protocol init
INFO: Initializing Coyote HTTP/1.1 on http-8080
四月 18, 2014 1:34:33 下午 org.apache.catalina.startup.Catalina load
INFO: Initialization processed in 371 ms
四月 18, 2014 1:34:33 下午 org.apache.catalina.core.StandardService start
INFO: Starting service Catalina
四月 18, 2014 1:34:33 下午 org.apache.catalina.core.StandardEngine start
INFO: Starting Servlet Engine: Apache Tomcat/6.0.33
四月 18, 2014 1:34:33 下午 org.apache.catalina.startup.HostConfig deployDescriptor
INFO: Deploying configuration descriptor host-manager.xml
四月 18, 2014 1:34:33 下午 org.apache.catalina.startup.HostConfig deployDescriptor
INFO: Deploying configuration descriptor manager.xml
四月 18, 2014 1:34:33 下午 org.apache.catalina.startup.HostConfig deployDirectory
INFO: Deploying web application directory docs
四月 18, 2014 1:34:33 下午 org.apache.catalina.startup.HostConfig deployDirectory
INFO: Deploying web application directory examples
四月 18, 2014 1:34:33 下午 org.apache.catalina.startup.HostConfig deployDirectory
INFO: Deploying web application directory ROOT
四月 18, 2014 1:34:33 下午 org.apache.catalina.startup.HostConfig deployDirectory
INFO: Deploying web application directory Tao
四月 18, 2014 1:34:33 下午 org.apache.coyote.http11.Http11Protocol start
INFO: Starting Coyote HTTP/1.1 on http-8080
四月 18, 2014 1:34:33 下午 org.apache.jk.common.ChannelSocket init
INFO: JK: ajp13 listening on /0.0.0.0:8009
四月 18, 2014 1:34:33 下午 org.apache.jk.server.JkMain start
INFO: Jk running ID=0 time=0/23  config=null
四月 18, 2014 1:34:33 下午 org.apache.catalina.startup.Catalina start
INFO: Server startup in 531 ms
四月 18, 2014 1:34:33 下午 org.apache.catalina.core.StandardServer await
SEVERE: StandardServer.await: create[8005]: 
java.net.BindException: Address already in use: JVM_Bind
	at java.net.DualStackPlainSocketImpl.bind0(Native Method)
	at java.net.DualStackPlainSocketImpl.socketBind(DualStackPlainSocketImpl.java:96)
	at java.net.AbstractPlainSocketImpl.bind(AbstractPlainSocketImpl.java:376)
	at java.net.PlainSocketImpl.bind(PlainSocketImpl.java:175)
	at java.net.ServerSocket.bind(ServerSocket.java:376)
	at java.net.ServerSocket.<init>(ServerSocket.java:237)
	at org.apache.catalina.core.StandardServer.await(StandardServer.java:406)
	at org.apache.catalina.startup.Catalina.await(Catalina.java:676)
	at org.apache.catalina.startup.Catalina.start(Catalina.java:628)
	at sun.reflect.NativeMethodAccessorImpl.invoke0(Native Method)
	at sun.reflect.NativeMethodAccessorImpl.invoke(NativeMethodAccessorImpl.java:57)
	at sun.reflect.DelegatingMethodAccessorImpl.invoke(DelegatingMethodAccessorImpl.java:43)
	at java.lang.reflect.Method.invoke(Method.java:601)
	at org.apache.catalina.startup.Bootstrap.start(Bootstrap.java:289)
	at org.apache.catalina.startup.Bootstrap.main(Bootstrap.java:414)

四月 18, 2014 1:34:33 下午 org.apache.coyote.http11.Http11Protocol pause
INFO: Pausing Coyote HTTP/1.1 on http-8080
四月 18, 2014 1:34:34 下午 org.apache.catalina.core.StandardService stop
INFO: Stopping service Catalina
四月 18, 2014 1:34:35 下午 org.apache.coyote.http11.Http11Protocol destroy
INFO: Stopping Coyote HTTP/1.1 on http-8080
四月 18, 2014 1:40:01 下午 org.apache.catalina.core.AprLifecycleListener init
INFO: The APR based Apache Tomcat Native library which allows optimal performance in production environments was not found on the java.library.path: C:\Program Files\Java\jdk1.7.0_11\bin;C:\Windows\Sun\Java\bin;C:\Windows\system32;C:\Windows;C:\Program Files\Java\jdk1.7.0_11\bin;C:\Program Files\Java\jdk1.7.0_11\jre\bin;C:\Windows\system32;C:\Windows;C:\Windows\System32\Wbem;C:\Windows\System32\WindowsPowerShell\v1.0\;C:\Program Files\Microsoft SQL Server\100\Tools\Binn\;C:\Program Files\Microsoft SQL Server\100\DTS\Binn\;C:\Program Files\Microsoft SQL Server\100\Tools\Binn\VSShell\Common7\IDE\;C:\Program Files\Microsoft Visual Studio 9.0\Common7\IDE\PrivateAssemblies\;.
四月 18, 2014 1:40:01 下午 org.apache.coyote.http11.Http11Protocol init
INFO: Initializing Coyote HTTP/1.1 on http-8080
四月 18, 2014 1:40:01 下午 org.apache.catalina.startup.Catalina load
INFO: Initialization processed in 370 ms
四月 18, 2014 1:40:01 下午 org.apache.catalina.core.StandardService start
INFO: Starting service Catalina
四月 18, 2014 1:40:01 下午 org.apache.catalina.core.StandardEngine start
INFO: Starting Servlet Engine: Apache Tomcat/6.0.33
四月 18, 2014 1:40:01 下午 org.apache.catalina.startup.HostConfig deployDescriptor
INFO: Deploying configuration descriptor host-manager.xml
四月 18, 2014 1:40:01 下午 org.apache.catalina.startup.HostConfig deployDescriptor
INFO: Deploying configuration descriptor manager.xml
四月 18, 2014 1:40:01 下午 org.apache.catalina.startup.HostConfig deployDirectory
INFO: Deploying web application directory docs
四月 18, 2014 1:40:01 下午 org.apache.catalina.startup.HostConfig deployDirectory
INFO: Deploying web application directory examples
四月 18, 2014 1:40:01 下午 org.apache.catalina.startup.HostConfig deployDirectory
INFO: Deploying web application directory ROOT
四月 18, 2014 1:40:01 下午 org.apache.catalina.startup.HostConfig deployDirectory
INFO: Deploying web application directory Tao
四月 18, 2014 1:40:01 下午 org.apache.coyote.http11.Http11Protocol start
INFO: Starting Coyote HTTP/1.1 on http-8080
四月 18, 2014 1:40:01 下午 org.apache.jk.common.ChannelSocket init
INFO: JK: ajp13 listening on /0.0.0.0:8009
四月 18, 2014 1:40:01 下午 org.apache.jk.server.JkMain start
INFO: Jk running ID=0 time=0/22  config=null
四月 18, 2014 1:40:01 下午 org.apache.catalina.startup.Catalina start
INFO: Server startup in 512 ms
四月 18, 2014 1:55:22 下午 org.apache.catalina.startup.HostConfig deployDirectory
INFO: Deploying web application directory Liuyan
四月 18, 2014 2:55:38 下午 org.apache.catalina.core.AprLifecycleListener init
INFO: The APR based Apache Tomcat Native library which allows optimal performance in production environments was not found on the java.library.path: C:\Program Files\Java\jdk1.7.0_11\bin;C:\Windows\Sun\Java\bin;C:\Windows\system32;C:\Windows;C:\Program Files\Java\jdk1.7.0_11\bin;C:\Program Files\Java\jdk1.7.0_11\jre\bin;C:\Windows\system32;C:\Windows;C:\Windows\System32\Wbem;C:\Windows\System32\WindowsPowerShell\v1.0\;C:\Program Files\Microsoft SQL Server\100\Tools\Binn\;C:\Program Files\Microsoft SQL Server\100\DTS\Binn\;C:\Program Files\Microsoft SQL Server\100\Tools\Binn\VSShell\Common7\IDE\;C:\Program Files\Microsoft Visual Studio 9.0\Common7\IDE\PrivateAssemblies\;.
四月 18, 2014 2:55:38 下午 org.apache.coyote.http11.Http11Protocol init
INFO: Initializing Coyote HTTP/1.1 on http-8080
四月 18, 2014 2:55:38 下午 org.apache.catalina.startup.Catalina load
INFO: Initialization processed in 369 ms
四月 18, 2014 2:55:38 下午 org.apache.catalina.core.StandardService start
INFO: Starting service Catalina
四月 18, 2014 2:55:38 下午 org.apache.catalina.core.StandardEngine start
INFO: Starting Servlet Engine: Apache Tomcat/6.0.33
四月 18, 2014 2:55:38 下午 org.apache.catalina.startup.HostConfig deployDescriptor
INFO: Deploying configuration descriptor host-manager.xml
四月 18, 2014 2:55:38 下午 org.apache.catalina.startup.HostConfig deployDescriptor
INFO: Deploying configuration descriptor manager.xml
四月 18, 2014 2:55:38 下午 org.apache.catalina.startup.HostConfig deployDirectory
INFO: Deploying web application directory docs
四月 18, 2014 2:55:38 下午 org.apache.catalina.startup.HostConfig deployDirectory
INFO: Deploying web application directory examples
四月 18, 2014 2:55:38 下午 org.apache.catalina.startup.HostConfig deployDirectory
INFO: Deploying web application directory Liuyan
四月 18, 2014 2:55:38 下午 org.apache.catalina.startup.HostConfig deployDirectory
INFO: Deploying web application directory ROOT
四月 18, 2014 2:55:38 下午 org.apache.catalina.startup.HostConfig deployDirectory
INFO: Deploying web application directory Tao
四月 18, 2014 2:55:38 下午 org.apache.coyote.http11.Http11Protocol start
INFO: Starting Coyote HTTP/1.1 on http-8080
四月 18, 2014 2:55:38 下午 org.apache.jk.common.ChannelSocket init
INFO: JK: ajp13 listening on /0.0.0.0:8009
四月 18, 2014 2:55:38 下午 org.apache.jk.server.JkMain start
INFO: Jk running ID=0 time=0/19  config=null
四月 18, 2014 2:55:38 下午 org.apache.catalina.startup.Catalina start
INFO: Server startup in 560 ms
四月 18, 2014 10:42:32 下午 org.apache.catalina.startup.HostConfig checkResources
INFO: Reloading context [/Tao]
四月 18, 2014 10:42:34 下午 org.apache.catalina.loader.WebappClassLoader clearReferencesJdbc
SEVERE: The web application [/Tao] registered the JDBC driver [com.microsoft.sqlserver.jdbc.SQLServerDriver] but failed to unregister it when the web application was stopped. To prevent a memory leak, the JDBC Driver has been forcibly unregistered.
